<?xml version="1.0" encoding="UTF-8"?>
<TestRun id="4e2fe971-6f82-43cb-9c8c-c3d36d458c3a" name="ACLOUDY@DALLAP85400D1GG 2013-06-10 12:18:53" runUser="BROWER\ACLOUDY" xmlns="http://microsoft.com/schemas/VisualStudio/TeamTest/2010">
  <TestSettings name="Local" id="25537cb2-8d2a-4d6b-96b1-82d6afe5bdf0">
    <Description>These are default test settings for a local test run.</Description>
    <Deployment enabled="false" runDeploymentRoot="ACLOUDY_DALLAP85400D1GG 2013-06-10 12_18_53">
      <DeploymentItem filename="C:\Users\acloudy\documents\visual studio 2010\Projects\MetallicPredators\MetallicPredators\bin\Debug\MetallicPredators.exe" />
    </Deployment>
    <Execution>
      <TestTypeSpecific />
      <AgentRule name="Execution Agents">
      </AgentRule>
    </Execution>
  </TestSettings>
  <Times creation="2013-06-10T12:18:53.7910229-05:00" queuing="2013-06-10T12:18:55.2780229-05:00" start="2013-06-10T12:18:55.3390229-05:00" finish="2013-06-10T12:18:55.9350229-05:00" />
  <ResultSummary outcome="Completed">
    <Counters total="2" executed="2" passed="2" error="0" failed="0" timeout="0" aborted="0" inconclusive="0" passedButRunAborted="0" notRunnable="0" notExecuted="0" disconnected="0" warning="0" completed="0" inProgress="0" pending="0" />
  </ResultSummary>
  <TestDefinitions>
    <UnitTest name="TestMethod1" storage="c:\users\acloudy\documents\visual studio 2010\projects\metallicpredators\metallicpredatorstests\bin\debug\metallicpredatorstests.dll" id="24e6e755-487e-cdb4-cbf8-cd4ab1df2418">
      <Execution id="f4741872-c042-4c36-989b-3236cd276dd0" />
      <TestMethod codeBase="C:/Users/acloudy/documents/visual studio 2010/Projects/MetallicPredators/MetallicPredatorsTests/bin/Debug/MetallicPredatorsTests.DLL" adapterTypeName="Microsoft.VisualStudio.TestTools.TestTypes.Unit.UnitTestAdapter, Microsoft.VisualStudio.QualityTools.Tips.UnitTest.Adapter, Version=10.0.0.0, Culture=neutral, PublicKeyToken=b03f5f7f11d50a3a" className="MetallicPredatorsTests.UnitTest1, MetallicPredatorsTests, Version=1.0.0.0, Culture=neutral, PublicKeyToken=null" name="TestMethod1" />
    </UnitTest>
    <UnitTest name="Test_ATT_Value" storage="c:\users\acloudy\documents\visual studio 2010\projects\metallicpredators\metallicpredatorstests\bin\debug\metallicpredatorstests.dll" id="965c4081-949e-b660-9e12-2f7d23862b8d">
      <Execution id="e81a9998-bce9-4b00-a12d-4b44fdc9b7b2" />
      <TestMethod codeBase="C:/Users/acloudy/documents/visual studio 2010/Projects/MetallicPredators/MetallicPredatorsTests/bin/Debug/MetallicPredatorsTests.DLL" adapterTypeName="Microsoft.VisualStudio.TestTools.TestTypes.Unit.UnitTestAdapter, Microsoft.VisualStudio.QualityTools.Tips.UnitTest.Adapter, Version=10.0.0.0, Culture=neutral, PublicKeyToken=b03f5f7f11d50a3a" className="MetallicPredatorsTests.AttackCardTest, MetallicPredatorsTests, Version=1.0.0.0, Culture=neutral, PublicKeyToken=null" name="Test_ATT_Value" />
    </UnitTest>
  </TestDefinitions>
  <TestLists>
    <TestList name="Results Not in a List" id="8c84fa94-04c1-424b-9868-57a2d4851a1d" />
    <TestList name="All Loaded Results" id="19431567-8539-422a-85d7-44ee4e166bda" />
  </TestLists>
  <TestEntries>
    <TestEntry testId="24e6e755-487e-cdb4-cbf8-cd4ab1df2418" executionId="f4741872-c042-4c36-989b-3236cd276dd0" testListId="8c84fa94-04c1-424b-9868-57a2d4851a1d" />
    <TestEntry testId="965c4081-949e-b660-9e12-2f7d23862b8d" executionId="e81a9998-bce9-4b00-a12d-4b44fdc9b7b2" testListId="8c84fa94-04c1-424b-9868-57a2d4851a1d" />
  </TestEntries>
  <Results>
    <UnitTestResult executionId="f4741872-c042-4c36-989b-3236cd276dd0" testId="24e6e755-487e-cdb4-cbf8-cd4ab1df2418" testName="TestMethod1" computerName="DALLAP85400D1GG" duration="00:00:00.0102108" startTime="2013-06-10T12:18:55.3580229-05:00" endTime="2013-06-10T12:18:55.8460229-05:00" testType="13cdc9d9-ddb5-4fa4-a97d-d965ccfc6d4b" outcome="Passed" testListId="8c84fa94-04c1-424b-9868-57a2d4851a1d" relativeResultsDirectory="f4741872-c042-4c36-989b-3236cd276dd0">
    </UnitTestResult>
    <UnitTestResult executionId="e81a9998-bce9-4b00-a12d-4b44fdc9b7b2" testId="965c4081-949e-b660-9e12-2f7d23862b8d" testName="Test_ATT_Value" computerName="DALLAP85400D1GG" duration="00:00:00.0055059" startTime="2013-06-10T12:18:55.8540229-05:00" endTime="2013-06-10T12:18:55.8630229-05:00" testType="13cdc9d9-ddb5-4fa4-a97d-d965ccfc6d4b" outcome="Passed" testListId="8c84fa94-04c1-424b-9868-57a2d4851a1d" relativeResultsDirectory="e81a9998-bce9-4b00-a12d-4b44fdc9b7b2">
    </UnitTestResult>
  </Results>
</TestRun>