<?xml version="1.0" encoding="UTF-8"?>
<TestRun id="4d3baa5a-0a12-4a08-9ff1-fa25b7f308da" name="ACLOUDY@DALLAP85400D1GG 2013-06-10 15:11:29" runUser="BROWER\ACLOUDY" xmlns="http://microsoft.com/schemas/VisualStudio/TeamTest/2010">
  <TestSettings name="Local" id="25537cb2-8d2a-4d6b-96b1-82d6afe5bdf0">
    <Description>These are default test settings for a local test run.</Description>
    <Deployment userDeploymentRoot="C:\Users\acloudy\documents\visual studio 2010\Projects\MetallicPredators\TestResults" useDefaultDeploymentRoot="false" enabled="false" runDeploymentRoot="ACLOUDY_DALLAP85400D1GG 2013-06-10 15_11_29">
      <DeploymentItem filename="C:\Users\acloudy\documents\visual studio 2010\Projects\MetallicPredators\MetallicPredators\bin\Debug\MetallicPredators.exe" />
    </Deployment>
    <Execution>
      <TestTypeSpecific />
      <AgentRule name="Execution Agents">
      </AgentRule>
    </Execution>
  </TestSettings>
  <Times creation="2013-06-10T15:11:29.6347492-05:00" queuing="2013-06-10T15:11:29.7977166-05:00" start="2013-06-10T15:11:29.8167128-05:00" finish="2013-06-10T15:11:30.2066348-05:00" />
  <ResultSummary outcome="Completed">
    <Counters total="4" executed="4" passed="4" error="0" failed="0" timeout="0" aborted="0" inconclusive="0" passedButRunAborted="0" notRunnable="0" notExecuted="0" disconnected="0" warning="0" completed="0" inProgress="0" pending="0" />
  </ResultSummary>
  <TestDefinitions>
    <UnitTest name="Test_ATT_Value" storage="c:\users\acloudy\documents\visual studio 2010\projects\metallicpredators\metallicpredatorstests\bin\debug\metallicpredatorstests.dll" id="965c4081-949e-b660-9e12-2f7d23862b8d">
      <Execution id="e55b219a-a9cc-48b0-a598-dc6e4692bc1c" />
      <TestMethod codeBase="C:/Users/acloudy/documents/visual studio 2010/Projects/MetallicPredators/MetallicPredatorsTests/bin/Debug/MetallicPredatorsTests.DLL" adapterTypeName="Microsoft.VisualStudio.TestTools.TestTypes.Unit.UnitTestAdapter, Microsoft.VisualStudio.QualityTools.Tips.UnitTest.Adapter, Version=10.0.0.0, Culture=neutral, PublicKeyToken=b03f5f7f11d50a3a" className="MetallicPredatorsTests.AttackCardTest, MetallicPredatorsTests, Version=1.0.0.0, Culture=neutral, PublicKeyToken=null" name="Test_ATT_Value" />
    </UnitTest>
    <UnitTest name="TestMethod1" storage="c:\users\acloudy\documents\visual studio 2010\projects\metallicpredators\metallicpredatorstests\bin\debug\metallicpredatorstests.dll" id="24e6e755-487e-cdb4-cbf8-cd4ab1df2418">
      <Execution id="29c2d418-7fc7-4c44-a380-16eb2f136be3" />
      <TestMethod codeBase="C:/Users/acloudy/documents/visual studio 2010/Projects/MetallicPredators/MetallicPredatorsTests/bin/Debug/MetallicPredatorsTests.DLL" adapterTypeName="Microsoft.VisualStudio.TestTools.TestTypes.Unit.UnitTestAdapter, Microsoft.VisualStudio.QualityTools.Tips.UnitTest.Adapter, Version=10.0.0.0, Culture=neutral, PublicKeyToken=b03f5f7f11d50a3a" className="MetallicPredatorsTests.UnitTest1, MetallicPredatorsTests, Version=1.0.0.0, Culture=neutral, PublicKeyToken=null" name="TestMethod1" />
    </UnitTest>
    <UnitTest name="drawTest" storage="c:\users\acloudy\documents\visual studio 2010\projects\metallicpredators\metallicpredatorstests\bin\debug\metallicpredatorstests.dll" id="de3060bf-1b9a-c504-13d7-13e977fbd0c4">
      <Execution id="103ba9c6-9c45-483f-ab95-845417914e1a" />
      <TestMethod codeBase="C:/Users/acloudy/documents/visual studio 2010/Projects/MetallicPredators/MetallicPredatorsTests/bin/Debug/MetallicPredatorsTests.DLL" adapterTypeName="Microsoft.VisualStudio.TestTools.TestTypes.Unit.UnitTestAdapter, Microsoft.VisualStudio.QualityTools.Tips.UnitTest.Adapter, Version=10.0.0.0, Culture=neutral, PublicKeyToken=b03f5f7f11d50a3a" className="MetallicPredatorsTests.DeckTest, MetallicPredatorsTests, Version=1.0.0.0, Culture=neutral, PublicKeyToken=null" name="drawTest" />
    </UnitTest>
    <UnitTest name="shuffleTest" storage="c:\users\acloudy\documents\visual studio 2010\projects\metallicpredators\metallicpredatorstests\bin\debug\metallicpredatorstests.dll" id="8a434ebf-0229-a9b6-b8c1-7769c37f4256">
      <Execution id="26c616ca-d89e-418a-8da1-f9628efa8995" />
      <TestMethod codeBase="C:/Users/acloudy/documents/visual studio 2010/Projects/MetallicPredators/MetallicPredatorsTests/bin/Debug/MetallicPredatorsTests.DLL" adapterTypeName="Microsoft.VisualStudio.TestTools.TestTypes.Unit.UnitTestAdapter, Microsoft.VisualStudio.QualityTools.Tips.UnitTest.Adapter, Version=10.0.0.0, Culture=neutral, PublicKeyToken=b03f5f7f11d50a3a" className="MetallicPredatorsTests.DeckTest, MetallicPredatorsTests, Version=1.0.0.0, Culture=neutral, PublicKeyToken=null" name="shuffleTest" />
    </UnitTest>
  </TestDefinitions>
  <TestLists>
    <TestList name="Results Not in a List" id="8c84fa94-04c1-424b-9868-57a2d4851a1d" />
    <TestList name="All Loaded Results" id="19431567-8539-422a-85d7-44ee4e166bda" />
  </TestLists>
  <TestEntries>
    <TestEntry testId="24e6e755-487e-cdb4-cbf8-cd4ab1df2418" executionId="29c2d418-7fc7-4c44-a380-16eb2f136be3" testListId="8c84fa94-04c1-424b-9868-57a2d4851a1d" />
    <TestEntry testId="8a434ebf-0229-a9b6-b8c1-7769c37f4256" executionId="26c616ca-d89e-418a-8da1-f9628efa8995" testListId="8c84fa94-04c1-424b-9868-57a2d4851a1d" />
    <TestEntry testId="965c4081-949e-b660-9e12-2f7d23862b8d" executionId="e55b219a-a9cc-48b0-a598-dc6e4692bc1c" testListId="8c84fa94-04c1-424b-9868-57a2d4851a1d" />
    <TestEntry testId="de3060bf-1b9a-c504-13d7-13e977fbd0c4" executionId="103ba9c6-9c45-483f-ab95-845417914e1a" testListId="8c84fa94-04c1-424b-9868-57a2d4851a1d" />
  </TestEntries>
  <Results>
    <UnitTestResult executionId="29c2d418-7fc7-4c44-a380-16eb2f136be3" testId="24e6e755-487e-cdb4-cbf8-cd4ab1df2418" testName="TestMethod1" computerName="DALLAP85400D1GG" duration="00:00:00.0091341" startTime="2013-06-10T15:11:29.8307100-05:00" endTime="2013-06-10T15:11:30.1246512-05:00" testType="13cdc9d9-ddb5-4fa4-a97d-d965ccfc6d4b" outcome="Passed" testListId="8c84fa94-04c1-424b-9868-57a2d4851a1d" relativeResultsDirectory="29c2d418-7fc7-4c44-a380-16eb2f136be3">
    </UnitTestResult>
    <UnitTestResult executionId="26c616ca-d89e-418a-8da1-f9628efa8995" testId="8a434ebf-0229-a9b6-b8c1-7769c37f4256" testName="shuffleTest" computerName="DALLAP85400D1GG" duration="00:00:00.0050154" startTime="2013-06-10T15:11:30.1296502-05:00" endTime="2013-06-10T15:11:30.1386484-05:00" testType="13cdc9d9-ddb5-4fa4-a97d-d965ccfc6d4b" outcome="Passed" testListId="8c84fa94-04c1-424b-9868-57a2d4851a1d" relativeResultsDirectory="26c616ca-d89e-418a-8da1-f9628efa8995">
    </UnitTestResult>
    <UnitTestResult executionId="e55b219a-a9cc-48b0-a598-dc6e4692bc1c" testId="965c4081-949e-b660-9e12-2f7d23862b8d" testName="Test_ATT_Value" computerName="DALLAP85400D1GG" duration="00:00:00.0003592" startTime="2013-06-10T15:11:30.1436474-05:00" endTime="2013-06-10T15:11:30.1466468-05:00" testType="13cdc9d9-ddb5-4fa4-a97d-d965ccfc6d4b" outcome="Passed" testListId="8c84fa94-04c1-424b-9868-57a2d4851a1d" relativeResultsDirectory="e55b219a-a9cc-48b0-a598-dc6e4692bc1c">
    </UnitTestResult>
    <UnitTestResult executionId="103ba9c6-9c45-483f-ab95-845417914e1a" testId="de3060bf-1b9a-c504-13d7-13e977fbd0c4" testName="drawTest" computerName="DALLAP85400D1GG" duration="00:00:00.0002405" startTime="2013-06-10T15:11:30.1526456-05:00" endTime="2013-06-10T15:11:30.1556450-05:00" testType="13cdc9d9-ddb5-4fa4-a97d-d965ccfc6d4b" outcome="Passed" testListId="8c84fa94-04c1-424b-9868-57a2d4851a1d" relativeResultsDirectory="103ba9c6-9c45-483f-ab95-845417914e1a">
    </UnitTestResult>
  </Results>
</TestRun>