<?xml version="1.0" encoding="UTF-8"?>
<TestRun id="0625d89a-cd63-47aa-bce6-988534752f9d" name="ACLOUDY@DALLAP85400D1GG 2013-06-10 15:11:28" runUser="BROWER\ACLOUDY" xmlns="http://microsoft.com/schemas/VisualStudio/TeamTest/2010">
  <TestSettings name="Local" id="25537cb2-8d2a-4d6b-96b1-82d6afe5bdf0">
    <Description>These are default test settings for a local test run.</Description>
    <Deployment userDeploymentRoot="C:\Users\acloudy\documents\visual studio 2010\Projects\MetallicPredators\TestResults" useDefaultDeploymentRoot="false" enabled="false" runDeploymentRoot="ACLOUDY_DALLAP85400D1GG 2013-06-10 15_11_28">
      <DeploymentItem filename="C:\Users\acloudy\documents\visual studio 2010\Projects\MetallicPredators\MetallicPredators\bin\Debug\MetallicPredators.exe" />
    </Deployment>
    <Execution>
      <TestTypeSpecific />
      <AgentRule name="Execution Agents">
      </AgentRule>
    </Execution>
  </TestSettings>
  <Times creation="2013-06-10T15:11:28.5789604-05:00" queuing="2013-06-10T15:11:28.6209520-05:00" start="2013-06-10T15:11:28.6249512-05:00" finish="2013-06-10T15:11:28.9818798-05:00" />
  <ResultSummary outcome="Completed">
    <Counters total="4" executed="4" passed="4" error="0" failed="0" timeout="0" aborted="0" inconclusive="0" passedButRunAborted="0" notRunnable="0" notExecuted="0" disconnected="0" warning="0" completed="0" inProgress="0" pending="0" />
  </ResultSummary>
  <TestDefinitions>
    <UnitTest name="Test_ATT_Value" storage="c:\users\acloudy\documents\visual studio 2010\projects\metallicpredators\metallicpredatorstests\bin\debug\metallicpredatorstests.dll" id="965c4081-949e-b660-9e12-2f7d23862b8d">
      <Execution id="1d81cfe1-50d1-4ee1-a87b-c36eb94c6b34" />
      <TestMethod codeBase="C:/Users/acloudy/documents/visual studio 2010/Projects/MetallicPredators/MetallicPredatorsTests/bin/Debug/MetallicPredatorsTests.DLL" adapterTypeName="Microsoft.VisualStudio.TestTools.TestTypes.Unit.UnitTestAdapter, Microsoft.VisualStudio.QualityTools.Tips.UnitTest.Adapter, Version=10.0.0.0, Culture=neutral, PublicKeyToken=b03f5f7f11d50a3a" className="MetallicPredatorsTests.AttackCardTest, MetallicPredatorsTests, Version=1.0.0.0, Culture=neutral, PublicKeyToken=null" name="Test_ATT_Value" />
    </UnitTest>
    <UnitTest name="TestMethod1" storage="c:\users\acloudy\documents\visual studio 2010\projects\metallicpredators\metallicpredatorstests\bin\debug\metallicpredatorstests.dll" id="24e6e755-487e-cdb4-cbf8-cd4ab1df2418">
      <Execution id="dd814b53-1012-47fe-b90a-cc6b6b2ef76e" />
      <TestMethod codeBase="C:/Users/acloudy/documents/visual studio 2010/Projects/MetallicPredators/MetallicPredatorsTests/bin/Debug/MetallicPredatorsTests.DLL" adapterTypeName="Microsoft.VisualStudio.TestTools.TestTypes.Unit.UnitTestAdapter, Microsoft.VisualStudio.QualityTools.Tips.UnitTest.Adapter, Version=10.0.0.0, Culture=neutral, PublicKeyToken=b03f5f7f11d50a3a" className="MetallicPredatorsTests.UnitTest1, MetallicPredatorsTests, Version=1.0.0.0, Culture=neutral, PublicKeyToken=null" name="TestMethod1" />
    </UnitTest>
    <UnitTest name="drawTest" storage="c:\users\acloudy\documents\visual studio 2010\projects\metallicpredators\metallicpredatorstests\bin\debug\metallicpredatorstests.dll" id="de3060bf-1b9a-c504-13d7-13e977fbd0c4">
      <Execution id="25db7fea-74de-4080-a4f1-5d4c93a9e5f9" />
      <TestMethod codeBase="C:/Users/acloudy/documents/visual studio 2010/Projects/MetallicPredators/MetallicPredatorsTests/bin/Debug/MetallicPredatorsTests.DLL" adapterTypeName="Microsoft.VisualStudio.TestTools.TestTypes.Unit.UnitTestAdapter, Microsoft.VisualStudio.QualityTools.Tips.UnitTest.Adapter, Version=10.0.0.0, Culture=neutral, PublicKeyToken=b03f5f7f11d50a3a" className="MetallicPredatorsTests.DeckTest, MetallicPredatorsTests, Version=1.0.0.0, Culture=neutral, PublicKeyToken=null" name="drawTest" />
    </UnitTest>
    <UnitTest name="shuffleTest" storage="c:\users\acloudy\documents\visual studio 2010\projects\metallicpredators\metallicpredatorstests\bin\debug\metallicpredatorstests.dll" id="8a434ebf-0229-a9b6-b8c1-7769c37f4256">
      <Execution id="040fab2f-911a-461f-9590-dda0daace942" />
      <TestMethod codeBase="C:/Users/acloudy/documents/visual studio 2010/Projects/MetallicPredators/MetallicPredatorsTests/bin/Debug/MetallicPredatorsTests.DLL" adapterTypeName="Microsoft.VisualStudio.TestTools.TestTypes.Unit.UnitTestAdapter, Microsoft.VisualStudio.QualityTools.Tips.UnitTest.Adapter, Version=10.0.0.0, Culture=neutral, PublicKeyToken=b03f5f7f11d50a3a" className="MetallicPredatorsTests.DeckTest, MetallicPredatorsTests, Version=1.0.0.0, Culture=neutral, PublicKeyToken=null" name="shuffleTest" />
    </UnitTest>
  </TestDefinitions>
  <TestLists>
    <TestList name="Results Not in a List" id="8c84fa94-04c1-424b-9868-57a2d4851a1d" />
    <TestList name="All Loaded Results" id="19431567-8539-422a-85d7-44ee4e166bda" />
  </TestLists>
  <TestEntries>
    <TestEntry testId="24e6e755-487e-cdb4-cbf8-cd4ab1df2418" executionId="dd814b53-1012-47fe-b90a-cc6b6b2ef76e" testListId="8c84fa94-04c1-424b-9868-57a2d4851a1d" />
    <TestEntry testId="8a434ebf-0229-a9b6-b8c1-7769c37f4256" executionId="040fab2f-911a-461f-9590-dda0daace942" testListId="8c84fa94-04c1-424b-9868-57a2d4851a1d" />
    <TestEntry testId="965c4081-949e-b660-9e12-2f7d23862b8d" executionId="1d81cfe1-50d1-4ee1-a87b-c36eb94c6b34" testListId="8c84fa94-04c1-424b-9868-57a2d4851a1d" />
    <TestEntry testId="de3060bf-1b9a-c504-13d7-13e977fbd0c4" executionId="25db7fea-74de-4080-a4f1-5d4c93a9e5f9" testListId="8c84fa94-04c1-424b-9868-57a2d4851a1d" />
  </TestEntries>
  <Results>
    <UnitTestResult executionId="dd814b53-1012-47fe-b90a-cc6b6b2ef76e" testId="24e6e755-487e-cdb4-cbf8-cd4ab1df2418" testName="TestMethod1" computerName="DALLAP85400D1GG" duration="00:00:00.0115193" startTime="2013-06-10T15:11:28.6499462-05:00" endTime="2013-06-10T15:11:28.9258910-05:00" testType="13cdc9d9-ddb5-4fa4-a97d-d965ccfc6d4b" outcome="Passed" testListId="8c84fa94-04c1-424b-9868-57a2d4851a1d" relativeResultsDirectory="dd814b53-1012-47fe-b90a-cc6b6b2ef76e">
    </UnitTestResult>
    <UnitTestResult executionId="040fab2f-911a-461f-9590-dda0daace942" testId="8a434ebf-0229-a9b6-b8c1-7769c37f4256" testName="shuffleTest" computerName="DALLAP85400D1GG" duration="00:00:00.0068566" startTime="2013-06-10T15:11:28.9288904-05:00" endTime="2013-06-10T15:11:28.9398882-05:00" testType="13cdc9d9-ddb5-4fa4-a97d-d965ccfc6d4b" outcome="Passed" testListId="8c84fa94-04c1-424b-9868-57a2d4851a1d" relativeResultsDirectory="040fab2f-911a-461f-9590-dda0daace942">
    </UnitTestResult>
    <UnitTestResult executionId="1d81cfe1-50d1-4ee1-a87b-c36eb94c6b34" testId="965c4081-949e-b660-9e12-2f7d23862b8d" testName="Test_ATT_Value" computerName="DALLAP85400D1GG" duration="00:00:00.0004344" startTime="2013-06-10T15:11:28.9458870-05:00" endTime="2013-06-10T15:11:28.9498862-05:00" testType="13cdc9d9-ddb5-4fa4-a97d-d965ccfc6d4b" outcome="Passed" testListId="8c84fa94-04c1-424b-9868-57a2d4851a1d" relativeResultsDirectory="1d81cfe1-50d1-4ee1-a87b-c36eb94c6b34">
    </UnitTestResult>
    <UnitTestResult executionId="25db7fea-74de-4080-a4f1-5d4c93a9e5f9" testId="de3060bf-1b9a-c504-13d7-13e977fbd0c4" testName="drawTest" computerName="DALLAP85400D1GG" duration="00:00:00.0004905" startTime="2013-06-10T15:11:28.9568848-05:00" endTime="2013-06-10T15:11:28.9608840-05:00" testType="13cdc9d9-ddb5-4fa4-a97d-d965ccfc6d4b" outcome="Passed" testListId="8c84fa94-04c1-424b-9868-57a2d4851a1d" relativeResultsDirectory="25db7fea-74de-4080-a4f1-5d4c93a9e5f9">
    </UnitTestResult>
  </Results>
</TestRun>