<?xml version="1.0" encoding="UTF-8"?>
<TestRun id="5cfeadcb-9f2d-4055-9df7-552e16b1418e" name="ACLOUDY@DALLAP85400D1GG 2013-06-10 15:11:25" runUser="BROWER\ACLOUDY" xmlns="http://microsoft.com/schemas/VisualStudio/TeamTest/2010">
  <TestSettings name="Local" id="25537cb2-8d2a-4d6b-96b1-82d6afe5bdf0">
    <Description>These are default test settings for a local test run.</Description>
    <Deployment userDeploymentRoot="C:\Users\acloudy\documents\visual studio 2010\Projects\MetallicPredators\TestResults" useDefaultDeploymentRoot="false" enabled="false" runDeploymentRoot="ACLOUDY_DALLAP85400D1GG 2013-06-10 15_11_25">
      <DeploymentItem filename="C:\Users\acloudy\documents\visual studio 2010\Projects\MetallicPredators\MetallicPredators\bin\Debug\MetallicPredators.exe" />
    </Deployment>
    <Execution>
      <TestTypeSpecific />
      <AgentRule name="Execution Agents">
      </AgentRule>
    </Execution>
  </TestSettings>
  <Times creation="2013-06-10T15:11:25.2996164-05:00" queuing="2013-06-10T15:11:25.4095944-05:00" start="2013-06-10T15:11:25.4175928-05:00" finish="2013-06-10T15:11:25.7285306-05:00" />
  <ResultSummary outcome="Completed">
    <Counters total="4" executed="4" passed="4" error="0" failed="0" timeout="0" aborted="0" inconclusive="0" passedButRunAborted="0" notRunnable="0" notExecuted="0" disconnected="0" warning="0" completed="0" inProgress="0" pending="0" />
  </ResultSummary>
  <TestDefinitions>
    <UnitTest name="Test_ATT_Value" storage="c:\users\acloudy\documents\visual studio 2010\projects\metallicpredators\metallicpredatorstests\bin\debug\metallicpredatorstests.dll" id="965c4081-949e-b660-9e12-2f7d23862b8d">
      <Execution id="27324327-cba9-44ec-958c-473ff0426a7a" />
      <TestMethod codeBase="C:/Users/acloudy/documents/visual studio 2010/Projects/MetallicPredators/MetallicPredatorsTests/bin/Debug/MetallicPredatorsTests.DLL" adapterTypeName="Microsoft.VisualStudio.TestTools.TestTypes.Unit.UnitTestAdapter, Microsoft.VisualStudio.QualityTools.Tips.UnitTest.Adapter, Version=10.0.0.0, Culture=neutral, PublicKeyToken=b03f5f7f11d50a3a" className="MetallicPredatorsTests.AttackCardTest, MetallicPredatorsTests, Version=1.0.0.0, Culture=neutral, PublicKeyToken=null" name="Test_ATT_Value" />
    </UnitTest>
    <UnitTest name="TestMethod1" storage="c:\users\acloudy\documents\visual studio 2010\projects\metallicpredators\metallicpredatorstests\bin\debug\metallicpredatorstests.dll" id="24e6e755-487e-cdb4-cbf8-cd4ab1df2418">
      <Execution id="3d6bcf1e-b7da-476d-98f0-bbec759c9461" />
      <TestMethod codeBase="C:/Users/acloudy/documents/visual studio 2010/Projects/MetallicPredators/MetallicPredatorsTests/bin/Debug/MetallicPredatorsTests.DLL" adapterTypeName="Microsoft.VisualStudio.TestTools.TestTypes.Unit.UnitTestAdapter, Microsoft.VisualStudio.QualityTools.Tips.UnitTest.Adapter, Version=10.0.0.0, Culture=neutral, PublicKeyToken=b03f5f7f11d50a3a" className="MetallicPredatorsTests.UnitTest1, MetallicPredatorsTests, Version=1.0.0.0, Culture=neutral, PublicKeyToken=null" name="TestMethod1" />
    </UnitTest>
    <UnitTest name="drawTest" storage="c:\users\acloudy\documents\visual studio 2010\projects\metallicpredators\metallicpredatorstests\bin\debug\metallicpredatorstests.dll" id="de3060bf-1b9a-c504-13d7-13e977fbd0c4">
      <Execution id="03c85722-46c5-4736-8960-0ddaee951d78" />
      <TestMethod codeBase="C:/Users/acloudy/documents/visual studio 2010/Projects/MetallicPredators/MetallicPredatorsTests/bin/Debug/MetallicPredatorsTests.DLL" adapterTypeName="Microsoft.VisualStudio.TestTools.TestTypes.Unit.UnitTestAdapter, Microsoft.VisualStudio.QualityTools.Tips.UnitTest.Adapter, Version=10.0.0.0, Culture=neutral, PublicKeyToken=b03f5f7f11d50a3a" className="MetallicPredatorsTests.DeckTest, MetallicPredatorsTests, Version=1.0.0.0, Culture=neutral, PublicKeyToken=null" name="drawTest" />
    </UnitTest>
    <UnitTest name="shuffleTest" storage="c:\users\acloudy\documents\visual studio 2010\projects\metallicpredators\metallicpredatorstests\bin\debug\metallicpredatorstests.dll" id="8a434ebf-0229-a9b6-b8c1-7769c37f4256">
      <Execution id="8a4813b1-1382-490c-97ec-2ff9f17b5a65" />
      <TestMethod codeBase="C:/Users/acloudy/documents/visual studio 2010/Projects/MetallicPredators/MetallicPredatorsTests/bin/Debug/MetallicPredatorsTests.DLL" adapterTypeName="Microsoft.VisualStudio.TestTools.TestTypes.Unit.UnitTestAdapter, Microsoft.VisualStudio.QualityTools.Tips.UnitTest.Adapter, Version=10.0.0.0, Culture=neutral, PublicKeyToken=b03f5f7f11d50a3a" className="MetallicPredatorsTests.DeckTest, MetallicPredatorsTests, Version=1.0.0.0, Culture=neutral, PublicKeyToken=null" name="shuffleTest" />
    </UnitTest>
  </TestDefinitions>
  <TestLists>
    <TestList name="Results Not in a List" id="8c84fa94-04c1-424b-9868-57a2d4851a1d" />
    <TestList name="All Loaded Results" id="19431567-8539-422a-85d7-44ee4e166bda" />
  </TestLists>
  <TestEntries>
    <TestEntry testId="24e6e755-487e-cdb4-cbf8-cd4ab1df2418" executionId="3d6bcf1e-b7da-476d-98f0-bbec759c9461" testListId="8c84fa94-04c1-424b-9868-57a2d4851a1d" />
    <TestEntry testId="8a434ebf-0229-a9b6-b8c1-7769c37f4256" executionId="8a4813b1-1382-490c-97ec-2ff9f17b5a65" testListId="8c84fa94-04c1-424b-9868-57a2d4851a1d" />
    <TestEntry testId="965c4081-949e-b660-9e12-2f7d23862b8d" executionId="27324327-cba9-44ec-958c-473ff0426a7a" testListId="8c84fa94-04c1-424b-9868-57a2d4851a1d" />
    <TestEntry testId="de3060bf-1b9a-c504-13d7-13e977fbd0c4" executionId="03c85722-46c5-4736-8960-0ddaee951d78" testListId="8c84fa94-04c1-424b-9868-57a2d4851a1d" />
  </TestEntries>
  <Results>
    <UnitTestResult executionId="3d6bcf1e-b7da-476d-98f0-bbec759c9461" testId="24e6e755-487e-cdb4-cbf8-cd4ab1df2418" testName="TestMethod1" computerName="DALLAP85400D1GG" duration="00:00:00.0091069" startTime="2013-06-10T15:11:25.4265910-05:00" endTime="2013-06-10T15:11:25.6845394-05:00" testType="13cdc9d9-ddb5-4fa4-a97d-d965ccfc6d4b" outcome="Passed" testListId="8c84fa94-04c1-424b-9868-57a2d4851a1d" relativeResultsDirectory="3d6bcf1e-b7da-476d-98f0-bbec759c9461">
    </UnitTestResult>
    <UnitTestResult executionId="8a4813b1-1382-490c-97ec-2ff9f17b5a65" testId="8a434ebf-0229-a9b6-b8c1-7769c37f4256" testName="shuffleTest" computerName="DALLAP85400D1GG" duration="00:00:00.0049971" startTime="2013-06-10T15:11:25.6875388-05:00" endTime="2013-06-10T15:11:25.6945374-05:00" testType="13cdc9d9-ddb5-4fa4-a97d-d965ccfc6d4b" outcome="Passed" testListId="8c84fa94-04c1-424b-9868-57a2d4851a1d" relativeResultsDirectory="8a4813b1-1382-490c-97ec-2ff9f17b5a65">
    </UnitTestResult>
    <UnitTestResult executionId="27324327-cba9-44ec-958c-473ff0426a7a" testId="965c4081-949e-b660-9e12-2f7d23862b8d" testName="Test_ATT_Value" computerName="DALLAP85400D1GG" duration="00:00:00.0004890" startTime="2013-06-10T15:11:25.6995364-05:00" endTime="2013-06-10T15:11:25.7025358-05:00" testType="13cdc9d9-ddb5-4fa4-a97d-d965ccfc6d4b" outcome="Passed" testListId="8c84fa94-04c1-424b-9868-57a2d4851a1d" relativeResultsDirectory="27324327-cba9-44ec-958c-473ff0426a7a">
    </UnitTestResult>
    <UnitTestResult executionId="03c85722-46c5-4736-8960-0ddaee951d78" testId="de3060bf-1b9a-c504-13d7-13e977fbd0c4" testName="drawTest" computerName="DALLAP85400D1GG" duration="00:00:00.0002467" startTime="2013-06-10T15:11:25.7075348-05:00" endTime="2013-06-10T15:11:25.7105342-05:00" testType="13cdc9d9-ddb5-4fa4-a97d-d965ccfc6d4b" outcome="Passed" testListId="8c84fa94-04c1-424b-9868-57a2d4851a1d" relativeResultsDirectory="03c85722-46c5-4736-8960-0ddaee951d78">
    </UnitTestResult>
  </Results>
</TestRun>