<?xml version="1.0" encoding="UTF-8"?>
<TestRun id="8f1160cc-1719-48bd-b175-2d1fef7405cc" name="ACLOUDY@DALLAP85400D1GG 2013-06-14 15:09:24" runUser="BROWER\ACLOUDY" xmlns="http://microsoft.com/schemas/VisualStudio/TeamTest/2010">
  <TestSettings name="Local" id="25537cb2-8d2a-4d6b-96b1-82d6afe5bdf0">
    <Description>These are default test settings for a local test run.</Description>
    <Deployment enabled="false" runDeploymentRoot="ACLOUDY_DALLAP85400D1GG 2013-06-14 15_09_24">
      <DeploymentItem filename="C:\Users\acloudy\documents\visual studio 2010\Projects\MetallicPredators\MetallicPredators\bin\Debug\MetallicPredators.exe" />
    </Deployment>
    <Execution>
      <TestTypeSpecific />
      <AgentRule name="Execution Agents">
      </AgentRule>
    </Execution>
  </TestSettings>
  <Times creation="2013-06-14T15:09:24.1909458-05:00" queuing="2013-06-14T15:09:24.2419509-05:00" start="2013-06-14T15:09:24.2539521-05:00" finish="2013-06-14T15:09:24.9430210-05:00" />
  <ResultSummary outcome="Failed">
    <Counters total="1" executed="1" error="0" failed="1" timeout="0" aborted="0" inconclusive="0" passedButRunAborted="0" notRunnable="0" notExecuted="0" disconnected="0" warning="0" passed="0" completed="0" inProgress="0" pending="0" />
  </ResultSummary>
  <TestDefinitions>
    <UnitTest name="drawTest" storage="c:\users\acloudy\documents\visual studio 2010\projects\metallicpredators\metallicpredatorstests\bin\debug\metallicpredatorstests.dll" id="11340ad0-a44c-71fc-7a3d-46652a39471d">
      <Execution id="4323196d-f030-4358-8d43-4619cd19f1c1" />
      <TestMethod codeBase="C:/Users/acloudy/documents/visual studio 2010/Projects/MetallicPredators/MetallicPredatorsTests/bin/Debug/MetallicPredatorsTests.DLL" adapterTypeName="Microsoft.VisualStudio.TestTools.TestTypes.Unit.UnitTestAdapter, Microsoft.VisualStudio.QualityTools.Tips.UnitTest.Adapter, Version=10.0.0.0, Culture=neutral, PublicKeyToken=b03f5f7f11d50a3a" className="MetallicPredatorsTests.PlayerTest, MetallicPredatorsTests, Version=1.0.0.0, Culture=neutral, PublicKeyToken=null" name="drawTest" />
    </UnitTest>
  </TestDefinitions>
  <TestLists>
    <TestList name="Results Not in a List" id="8c84fa94-04c1-424b-9868-57a2d4851a1d" />
    <TestList name="All Loaded Results" id="19431567-8539-422a-85d7-44ee4e166bda" />
  </TestLists>
  <TestEntries>
    <TestEntry testId="11340ad0-a44c-71fc-7a3d-46652a39471d" executionId="4323196d-f030-4358-8d43-4619cd19f1c1" testListId="8c84fa94-04c1-424b-9868-57a2d4851a1d" />
  </TestEntries>
  <Results>
    <UnitTestResult executionId="4323196d-f030-4358-8d43-4619cd19f1c1" testId="11340ad0-a44c-71fc-7a3d-46652a39471d" testName="drawTest" computerName="DALLAP85400D1GG" duration="00:00:00.3035338" startTime="2013-06-14T15:09:24.2599527-05:00" endTime="2013-06-14T15:09:24.9110178-05:00" testType="13cdc9d9-ddb5-4fa4-a97d-d965ccfc6d4b" outcome="Failed" testListId="8c84fa94-04c1-424b-9868-57a2d4851a1d" relativeResultsDirectory="4323196d-f030-4358-8d43-4619cd19f1c1">
      <Output>
        <ErrorInfo>
          <Message>Test method MetallicPredatorsTests.PlayerTest.drawTest threw exception: 
System.NullReferenceException: Object reference not set to an instance of an object.</Message>
          <StackTrace>    at MetallicPredators.Player.draw() in C:\Users\acloudy\documents\visual studio 2010\Projects\MetallicPredators\MetallicPredators\Player.cs:line 125
   at MetallicPredatorsTests.PlayerTest.drawTest() in C:\Users\acloudy\documents\visual studio 2010\Projects\MetallicPredators\MetallicPredatorsTests\PlayerTest.cs:line 74
</StackTrace>
        </ErrorInfo>
      </Output>
    </UnitTestResult>
  </Results>
</TestRun>